<?xml version="1.0" encoding="UTF-8"?>
<testng-results ignored="0" total="1" passed="1" failed="0" skipped="0">
  <reporter-output>
  </reporter-output>
  <suite started-at="2022-09-12T08:08:13 IST" name="Default suite" finished-at="2022-09-12T08:08:32 IST" duration-ms="19160">
    <groups>
      <group name="amazon">
        <method signature="SamsungPhonesTest.extractPhoneDetails()[pri:1, instance:sampleTests.SamsungPhonesTest@6eda5c9]" name="extractPhoneDetails" class="sampleTests.SamsungPhonesTest"/>
      </group> <!-- amazon -->
      <group name="samsung">
        <method signature="SamsungPhonesTest.extractPhoneDetails()[pri:1, instance:sampleTests.SamsungPhonesTest@6eda5c9]" name="extractPhoneDetails" class="sampleTests.SamsungPhonesTest"/>
      </group> <!-- samsung -->
      <group name="phones">
        <method signature="SamsungPhonesTest.extractPhoneDetails()[pri:1, instance:sampleTests.SamsungPhonesTest@6eda5c9]" name="extractPhoneDetails" class="sampleTests.SamsungPhonesTest"/>
      </group> <!-- phones -->
    </groups>
    <test started-at="2022-09-12T08:08:13 IST" name="Default test" finished-at="2022-09-12T08:08:32 IST" duration-ms="19160">
      <class name="sampleTests.SamsungPhonesTest">
        <test-method signature="extractPhoneDetails()[pri:1, instance:sampleTests.SamsungPhonesTest@6eda5c9]" started-at="2022-09-12T08:08:13 IST" name="extractPhoneDetails" finished-at="2022-09-12T08:08:32 IST" duration-ms="19098" status="PASS">
          <reporter-output>
          </reporter-output>
        </test-method> <!-- extractPhoneDetails -->
      </class> <!-- sampleTests.SamsungPhonesTest -->
    </test> <!-- Default test -->
  </suite> <!-- Default suite -->
</testng-results>
